<?xml version="1.0" encoding="UTF-8"?>
<!-- Generated by org.testng.reporters.JUnitXMLReporter -->
<testsuite hostname="DESKTOP-0817IM2" name="Test2" tests="1" failures="0" timestamp="13 Nov 2016 05:16:50 GMT" time="0.016" errors="0">
  <testcase name="@BeforeMethod browserIn" time="0.0" classname="com.testhouse.webdriver.testscripts">
    <failure type="java.lang.IllegalStateException" message="The path to the driver executable must be set by the webdriver.chrome.driver system property; for more information, see https://github.com/SeleniumHQ/selenium/wiki/ChromeDriver. The latest version can be downloaded from http://chromedriver.storage.googleapis.com/index.html">
      <![CDATA[java.lang.IllegalStateException: The path to the driver executable must be set by the webdriver.chrome.driver system property; for more information, see https://github.com/SeleniumHQ/selenium/wiki/ChromeDriver. The latest version can be downloaded from http://chromedriver.storage.googleapis.com/index.html
	at com.google.common.base.Preconditions.checkState(Preconditions.java:199)
	at org.openqa.selenium.remote.service.DriverService.findExecutable(DriverService.java:109)
	at org.openqa.selenium.chrome.ChromeDriverService.access$0(ChromeDriverService.java:1)
	at org.openqa.selenium.chrome.ChromeDriverService$Builder.findDefaultExecutable(ChromeDriverService.java:137)
	at org.openqa.selenium.remote.service.DriverService$Builder.build(DriverService.java:296)
	at org.openqa.selenium.chrome.ChromeDriverService.createDefaultService(ChromeDriverService.java:88)
	at org.openqa.selenium.chrome.ChromeDriver.<init>(ChromeDriver.java:116)
	at com.testhouse.webdriver.GeneralFunctions.browserIn(GeneralFunctions.java:48)
... Removed 26 stack frames]]>
    </failure>
  </testcase> <!-- @BeforeMethod browserIn -->
  <testcase name="@AfterMethod browserOut" time="0.0" classname="com.testhouse.webdriver.testscripts">
    <skipped/>
  </testcase> <!-- @AfterMethod browserOut -->
  <testcase name="webdrivertest" time="0.001" classname="com.testhouse.webdriver.testscripts">
    <skipped/>
  </testcase> <!-- webdrivertest -->
</testsuite> <!-- Test2 -->
